<?xml version="1.0" encoding="UTF-8"?>
<!-- Generated by org.testng.reporters.JUnitReportReporter -->
<testsuite hostname="EPINBANW00AE" failures="0" tests="1" name="com.java.selenium.automation.test.SalesForceTryForFreeTest" time="16.752" errors="0" timestamp="2023-12-29T12:04:36 IST" skipped="0">
  <testcase classname="com.java.selenium.automation.test.SalesForceTryForFreeTest" name="salesForceTryForFreeTest" time="16.752"/>
  <system-out/>
</testsuite> <!-- com.java.selenium.automation.test.SalesForceTryForFreeTest -->
