<?xml version="1.0" encoding="UTF-8"?>
<!-- Generated by org.testng.reporters.JUnitReportReporter -->
<testsuite hostname="EPINBANW00AE" failures="0" tests="1" name="com.java.selenium.automation.test.SalesForceTryForFreeTest" time="16.976" errors="0" timestamp="2023-12-29T12:05:16 IST" skipped="0">
  <testcase classname="com.java.selenium.automation.test.SalesForceTryForFreeTest" name="salesForceTryForFreeTest" time="16.976"/>
</testsuite> <!-- com.java.selenium.automation.test.SalesForceTryForFreeTest -->
